{"/home/asif/Desktop/Microservices/index.js":{"path":"/home/asif/Desktop/Microservices/index.js","s":{"1":1,"2":1,"3":1,"4":1,"5":1,"6":1,"7":1,"8":1,"9":1,"10":0,"11":1,"12":0,"13":0,"14":0,"15":0,"16":1,"17":0,"18":0,"19":0,"20":1,"21":1,"22":0,"23":1,"24":1},"b":{"1":[1,1]},"f":{"1":0,"2":0,"3":0,"4":0},"fnMap":{"1":{"name":"(anonymous_1)","line":16,"loc":{"start":{"line":16,"column":16},"end":{"line":16,"column":35}}},"2":{"name":"(anonymous_2)","line":20,"loc":{"start":{"line":20,"column":20},"end":{"line":20,"column":38}}},"3":{"name":"(anonymous_3)","line":33,"loc":{"start":{"line":33,"column":20},"end":{"line":33,"column":43}}},"4":{"name":"(anonymous_4)","line":47,"loc":{"start":{"line":47,"column":16},"end":{"line":47,"column":26}}}},"statementMap":{"1":{"start":{"line":1,"column":0},"end":{"line":1,"column":33}},"2":{"start":{"line":2,"column":0},"end":{"line":2,"column":31}},"3":{"start":{"line":3,"column":0},"end":{"line":3,"column":34}},"4":{"start":{"line":4,"column":0},"end":{"line":4,"column":56}},"5":{"start":{"line":5,"column":0},"end":{"line":5,"column":37}},"6":{"start":{"line":6,"column":0},"end":{"line":6,"column":20}},"7":{"start":{"line":10,"column":0},"end":{"line":10,"column":36}},"8":{"start":{"line":14,"column":0},"end":{"line":14,"column":30}},"9":{"start":{"line":16,"column":0},"end":{"line":18,"column":3}},"10":{"start":{"line":17,"column":4},"end":{"line":17,"column":49}},"11":{"start":{"line":20,"column":0},"end":{"line":31,"column":3}},"12":{"start":{"line":21,"column":2},"end":{"line":25,"column":4}},"13":{"start":{"line":26,"column":2},"end":{"line":26,"column":42}},"14":{"start":{"line":28,"column":2},"end":{"line":28,"column":52}},"15":{"start":{"line":30,"column":2},"end":{"line":30,"column":18}},"16":{"start":{"line":33,"column":0},"end":{"line":37,"column":3}},"17":{"start":{"line":34,"column":2},"end":{"line":34,"column":37}},"18":{"start":{"line":35,"column":2},"end":{"line":35,"column":46}},"19":{"start":{"line":36,"column":2},"end":{"line":36,"column":58}},"20":{"start":{"line":43,"column":0},"end":{"line":43,"column":24}},"21":{"start":{"line":47,"column":0},"end":{"line":49,"column":3}},"22":{"start":{"line":48,"column":2},"end":{"line":48,"column":48}},"23":{"start":{"line":54,"column":0},"end":{"line":54,"column":23}},"24":{"start":{"line":55,"column":0},"end":{"line":55,"column":25}}},"branchMap":{"1":{"line":10,"type":"binary-expr","locations":[{"start":{"line":10,"column":11},"end":{"line":10,"column":27}},{"start":{"line":10,"column":31},"end":{"line":10,"column":35}}]}}},"/home/asif/Desktop/Microservices/middlewares/middleware.js":{"path":"/home/asif/Desktop/Microservices/middlewares/middleware.js","s":{"1":1,"2":1,"3":1,"4":1,"5":1,"6":1,"7":1,"8":1,"9":1,"10":0,"11":0,"12":0,"13":0,"14":0,"15":0,"16":0,"17":0,"18":1,"19":0,"20":0,"21":0,"22":0,"23":0,"24":0,"25":0,"26":0,"27":0,"28":0,"29":0,"30":0,"31":0,"32":0,"33":0,"34":0,"35":1,"36":1,"37":1},"b":{"1":[0,0],"2":[0,0],"3":[0,0],"4":[0,0,0,0]},"f":{"1":0,"2":0},"fnMap":{"1":{"name":"(anonymous_1)","line":10,"loc":{"start":{"line":10,"column":17},"end":{"line":10,"column":41}}},"2":{"name":"(anonymous_2)","line":14,"loc":{"start":{"line":14,"column":32},"end":{"line":14,"column":55}}}},"statementMap":{"1":{"start":{"line":1,"column":0},"end":{"line":1,"column":61}},"2":{"start":{"line":2,"column":0},"end":{"line":2,"column":49}},"3":{"start":{"line":3,"column":0},"end":{"line":3,"column":34}},"4":{"start":{"line":4,"column":0},"end":{"line":4,"column":43}},"5":{"start":{"line":5,"column":0},"end":{"line":5,"column":23}},"6":{"start":{"line":6,"column":0},"end":{"line":6,"column":38}},"7":{"start":{"line":7,"column":0},"end":{"line":7,"column":27}},"8":{"start":{"line":8,"column":0},"end":{"line":8,"column":38}},"9":{"start":{"line":10,"column":0},"end":{"line":26,"column":2}},"10":{"start":{"line":11,"column":2},"end":{"line":11,"column":29}},"11":{"start":{"line":12,"column":2},"end":{"line":12,"column":46}},"12":{"start":{"line":13,"column":2},"end":{"line":25,"column":3}},"13":{"start":{"line":14,"column":4},"end":{"line":21,"column":7}},"14":{"start":{"line":15,"column":6},"end":{"line":20,"column":7}},"15":{"start":{"line":16,"column":8},"end":{"line":16,"column":35}},"16":{"start":{"line":19,"column":8},"end":{"line":19,"column":15}},"17":{"start":{"line":24,"column":4},"end":{"line":24,"column":32}},"18":{"start":{"line":28,"column":0},"end":{"line":60,"column":1}},"19":{"start":{"line":29,"column":2},"end":{"line":29,"column":22}},"20":{"start":{"line":30,"column":2},"end":{"line":30,"column":26}},"21":{"start":{"line":32,"column":2},"end":{"line":32,"column":19}},"22":{"start":{"line":33,"column":2},"end":{"line":33,"column":30}},"23":{"start":{"line":34,"column":2},"end":{"line":34,"column":19}},"24":{"start":{"line":35,"column":2},"end":{"line":58,"column":3}},"25":{"start":{"line":37,"column":4},"end":{"line":40,"column":6}},"26":{"start":{"line":41,"column":4},"end":{"line":54,"column":7}},"27":{"start":{"line":43,"column":6},"end":{"line":43,"column":28}},"28":{"start":{"line":44,"column":6},"end":{"line":51,"column":9}},"29":{"start":{"line":46,"column":8},"end":{"line":46,"column":32}},"30":{"start":{"line":47,"column":8},"end":{"line":47,"column":56}},"31":{"start":{"line":48,"column":8},"end":{"line":48,"column":15}},"32":{"start":{"line":50,"column":8},"end":{"line":50,"column":25}},"33":{"start":{"line":53,"column":6},"end":{"line":53,"column":23}},"34":{"start":{"line":57,"column":4},"end":{"line":57,"column":56}},"35":{"start":{"line":62,"column":0},"end":{"line":62,"column":35}},"36":{"start":{"line":63,"column":0},"end":{"line":63,"column":41}},"37":{"start":{"line":64,"column":0},"end":{"line":64,"column":53}}},"branchMap":{"1":{"line":13,"type":"if","locations":[{"start":{"line":13,"column":2},"end":{"line":13,"column":2}},{"start":{"line":13,"column":2},"end":{"line":13,"column":2}}]},"2":{"line":15,"type":"if","locations":[{"start":{"line":15,"column":6},"end":{"line":15,"column":6}},{"start":{"line":15,"column":6},"end":{"line":15,"column":6}}]},"3":{"line":35,"type":"if","locations":[{"start":{"line":35,"column":2},"end":{"line":35,"column":2}},{"start":{"line":35,"column":2},"end":{"line":35,"column":2}}]},"4":{"line":35,"type":"binary-expr","locations":[{"start":{"line":35,"column":5},"end":{"line":35,"column":19}},{"start":{"line":35,"column":23},"end":{"line":35,"column":37}},{"start":{"line":35,"column":41},"end":{"line":35,"column":56}},{"start":{"line":35,"column":60},"end":{"line":35,"column":73}}]}}},"/home/asif/Desktop/Microservices/config/key.js":{"path":"/home/asif/Desktop/Microservices/config/key.js","s":{"1":1},"b":{},"f":{},"fnMap":{},"statementMap":{"1":{"start":{"line":1,"column":0},"end":{"line":1,"column":33}}},"branchMap":{}}}